==============================================================================
CreateOrder                                                                   
==============================================================================
CreateOrder.CreateOrder create normal order ATG ClickandCollect TC 002        
==============================================================================
CreateOrder.CreateOrder create normal order ATG ClickandCollect TC 002.Test   
==============================================================================
CreateOrder.CreateOrder create normal order ATG ClickandCollect TC 002.Test...
==============================================================================
Create Order TC_002                                                   | PASS |
------------------------------------------------------------------------------
CreateOrder.CreateOrder create normal order ATG ClickandCollect TC... | PASS |
1 test, 1 passed, 0 failed
==============================================================================
CreateOrder.CreateOrder create normal order ATG ClickandCollect TC... | PASS |
1 test, 1 passed, 0 failed
==============================================================================
CreateOrder.CreateOrder create normal order ATG ClickandCollect TC... | PASS |
1 test, 1 passed, 0 failed
==============================================================================
CreateOrder                                                           | PASS |
1 test, 1 passed, 0 failed
==============================================================================
Output:  C:\automation\AutomationGeneric\pabot_results\2\output.xml
