==============================================================================
CreateOrder                                                                   
==============================================================================
CreateOrder.CreateOrder create normal order ATG example TC 003                
==============================================================================
CreateOrder.CreateOrder create normal order ATG example TC 003.Test           
==============================================================================
CreateOrder.CreateOrder create normal order ATG example TC 003.Test.TC 003    
==============================================================================
Create Order TC_003                                                   | PASS |
------------------------------------------------------------------------------
CreateOrder.CreateOrder create normal order ATG example TC 003.Tes... | PASS |
1 test, 1 passed, 0 failed
==============================================================================
CreateOrder.CreateOrder create normal order ATG example TC 003.Test   | PASS |
1 test, 1 passed, 0 failed
==============================================================================
CreateOrder.CreateOrder create normal order ATG example TC 003        | PASS |
1 test, 1 passed, 0 failed
==============================================================================
CreateOrder                                                           | PASS |
1 test, 1 passed, 0 failed
==============================================================================
Output:  C:\automation\AutomationGeneric\pabot_results\3\output.xml
