==============================================================================
CreateOrder                                                                   
==============================================================================
CreateOrder.CreateOrder create order ATG example CC0D ClickandCollect same ...
==============================================================================
CreateOrder.CreateOrder create order ATG example CC0D ClickandCollect same ...
==============================================================================
CreateOrder.CreateOrder create order ATG example CC0D ClickandCollect same ...
==============================================================================
Create Order TC_004                                                   | PASS |
------------------------------------------------------------------------------
CreateOrder.CreateOrder create order ATG example CC0D ClickandColl... | PASS |
1 test, 1 passed, 0 failed
==============================================================================
CreateOrder.CreateOrder create order ATG example CC0D ClickandColl... | PASS |
1 test, 1 passed, 0 failed
==============================================================================
CreateOrder.CreateOrder create order ATG example CC0D ClickandColl... | PASS |
1 test, 1 passed, 0 failed
==============================================================================
CreateOrder                                                           | PASS |
1 test, 1 passed, 0 failed
==============================================================================
Output:  C:\automation\AutomationGeneric\pabot_results\4\output.xml
